[2024-06-24T06:19:41.006+0000] {manager.py:469} INFO - Processing files using up to 2 processes at a time 
[2024-06-24T06:19:41.049+0000] {manager.py:470} INFO - Process each file at most once every 30 seconds
[2024-06-24T06:19:41.093+0000] {manager.py:471} INFO - Checking for new files in /opt/airflow/dags every 300 seconds
[2024-06-24T06:19:41.134+0000] {manager.py:738} INFO - Searching for files in /opt/airflow/dags
[2024-06-24T06:19:41.214+0000] {manager.py:741} INFO - There are 0 files in /opt/airflow/dags
[2024-06-24T06:24:41.269+0000] {manager.py:738} INFO - Searching for files in /opt/airflow/dags
[2024-06-24T06:24:41.635+0000] {manager.py:741} INFO - There are 0 files in /opt/airflow/dags
[2024-06-24T06:29:41.996+0000] {manager.py:738} INFO - Searching for files in /opt/airflow/dags
[2024-06-24T06:29:42.095+0000] {manager.py:741} INFO - There are 0 files in /opt/airflow/dags
[2024-06-24T06:34:42.445+0000] {manager.py:738} INFO - Searching for files in /opt/airflow/dags
[2024-06-24T06:34:42.495+0000] {manager.py:741} INFO - There are 0 files in /opt/airflow/dags
[2024-06-24T06:39:42.518+0000] {manager.py:738} INFO - Searching for files in /opt/airflow/dags
[2024-06-24T06:39:42.564+0000] {manager.py:741} INFO - There are 0 files in /opt/airflow/dags
[2024-06-24T06:44:42.607+0000] {manager.py:738} INFO - Searching for files in /opt/airflow/dags
[2024-06-24T06:44:42.640+0000] {manager.py:741} INFO - There are 0 files in /opt/airflow/dags
[2024-06-24T06:49:42.736+0000] {manager.py:738} INFO - Searching for files in /opt/airflow/dags
[2024-06-24T06:49:42.763+0000] {manager.py:741} INFO - There are 0 files in /opt/airflow/dags
[2024-06-24T06:51:46.716+0000] {manager.py:451} INFO - Exiting gracefully upon receiving signal 15
[2024-06-24T06:54:25.043+0000] {manager.py:469} INFO - Processing files using up to 2 processes at a time 
[2024-06-24T06:54:25.049+0000] {manager.py:470} INFO - Process each file at most once every 30 seconds
[2024-06-24T06:54:25.055+0000] {manager.py:471} INFO - Checking for new files in /opt/airflow/dags every 300 seconds
[2024-06-24T06:54:25.062+0000] {manager.py:738} INFO - Searching for files in /opt/airflow/dags
[2024-06-24T06:54:25.111+0000] {manager.py:741} INFO - There are 0 files in /opt/airflow/dags
[2024-06-24T06:59:25.483+0000] {manager.py:738} INFO - Searching for files in /opt/airflow/dags
[2024-06-24T06:59:25.511+0000] {manager.py:741} INFO - There are 0 files in /opt/airflow/dags
[2024-06-24T07:04:25.552+0000] {manager.py:738} INFO - Searching for files in /opt/airflow/dags
[2024-06-24T07:04:25.566+0000] {manager.py:741} INFO - There are 0 files in /opt/airflow/dags
[2024-06-24T07:09:25.611+0000] {manager.py:738} INFO - Searching for files in /opt/airflow/dags
[2024-06-24T07:09:25.627+0000] {manager.py:741} INFO - There are 0 files in /opt/airflow/dags
[2024-06-24T07:14:25.722+0000] {manager.py:738} INFO - Searching for files in /opt/airflow/dags
[2024-06-24T07:14:25.742+0000] {manager.py:741} INFO - There are 0 files in /opt/airflow/dags
[2024-06-24T07:19:25.802+0000] {manager.py:738} INFO - Searching for files in /opt/airflow/dags
[2024-06-24T07:19:25.828+0000] {manager.py:741} INFO - There are 0 files in /opt/airflow/dags
[2024-06-24T07:24:25.959+0000] {manager.py:738} INFO - Searching for files in /opt/airflow/dags
[2024-06-24T07:24:25.977+0000] {manager.py:741} INFO - There are 0 files in /opt/airflow/dags
[2024-06-24T07:29:26.166+0000] {manager.py:738} INFO - Searching for files in /opt/airflow/dags
[2024-06-24T07:29:26.195+0000] {manager.py:741} INFO - There are 0 files in /opt/airflow/dags
[2024-06-24T07:34:26.226+0000] {manager.py:738} INFO - Searching for files in /opt/airflow/dags
[2024-06-24T07:34:26.251+0000] {manager.py:741} INFO - There are 0 files in /opt/airflow/dags
[2024-06-24T07:39:26.365+0000] {manager.py:738} INFO - Searching for files in /opt/airflow/dags
[2024-06-24T07:39:26.409+0000] {manager.py:741} INFO - There are 0 files in /opt/airflow/dags
[2024-06-24T07:44:26.506+0000] {manager.py:738} INFO - Searching for files in /opt/airflow/dags
[2024-06-24T07:44:26.554+0000] {manager.py:741} INFO - There are 1 files in /opt/airflow/dags
[2024-06-24T07:44:47.106+0000] {manager.py:879} INFO - 
================================================================================
DAG File Processing Stats

File Path                                PID    Runtime      # DAGs    # Errors  Last Runtime    Last Run
---------------------------------------  -----  ---------  --------  ----------  --------------  -------------------
/opt/airflow/dags/sentiment_analysis.py                           0           1  2.36s           2024-06-24T07:44:29
================================================================================
[2024-06-24T07:45:17.607+0000] {manager.py:879} INFO - 
================================================================================
DAG File Processing Stats

File Path                                PID    Runtime      # DAGs    # Errors  Last Runtime    Last Run
---------------------------------------  -----  ---------  --------  ----------  --------------  -------------------
/opt/airflow/dags/sentiment_analysis.py                           0           1  0.51s           2024-06-24T07:44:59
================================================================================
[2024-06-24T07:45:47.745+0000] {manager.py:879} INFO - 
================================================================================
DAG File Processing Stats

File Path                                PID    Runtime      # DAGs    # Errors  Last Runtime    Last Run
---------------------------------------  -----  ---------  --------  ----------  --------------  -------------------
/opt/airflow/dags/sentiment_analysis.py                           0           1  0.42s           2024-06-24T07:45:30
================================================================================
[2024-06-24T07:46:18.122+0000] {manager.py:879} INFO - 
================================================================================
DAG File Processing Stats

File Path                                PID    Runtime      # DAGs    # Errors  Last Runtime    Last Run
---------------------------------------  -----  ---------  --------  ----------  --------------  -------------------
/opt/airflow/dags/sentiment_analysis.py                           0           1  0.43s           2024-06-24T07:46:01
================================================================================
[2024-06-24T07:46:48.354+0000] {manager.py:879} INFO - 
================================================================================
DAG File Processing Stats

File Path                                PID    Runtime      # DAGs    # Errors  Last Runtime    Last Run
---------------------------------------  -----  ---------  --------  ----------  --------------  -------------------
/opt/airflow/dags/sentiment_analysis.py                           0           1  0.43s           2024-06-24T07:46:32
================================================================================
[2024-06-24T07:47:18.710+0000] {manager.py:879} INFO - 
================================================================================
DAG File Processing Stats

File Path                                PID    Runtime      # DAGs    # Errors  Last Runtime    Last Run
---------------------------------------  -----  ---------  --------  ----------  --------------  -------------------
/opt/airflow/dags/sentiment_analysis.py                           0           1  0.44s           2024-06-24T07:47:02
================================================================================
[2024-06-24T07:47:48.895+0000] {manager.py:879} INFO - 
================================================================================
DAG File Processing Stats

File Path                                PID    Runtime      # DAGs    # Errors  Last Runtime    Last Run
---------------------------------------  -----  ---------  --------  ----------  --------------  -------------------
/opt/airflow/dags/sentiment_analysis.py                           0           1  0.45s           2024-06-24T07:47:33
================================================================================
[2024-06-24T07:48:19.231+0000] {manager.py:879} INFO - 
================================================================================
DAG File Processing Stats

File Path                                PID    Runtime      # DAGs    # Errors  Last Runtime    Last Run
---------------------------------------  -----  ---------  --------  ----------  --------------  -------------------
/opt/airflow/dags/sentiment_analysis.py                           0           1  0.53s           2024-06-24T07:48:04
================================================================================
[2024-06-24T07:48:49.558+0000] {manager.py:879} INFO - 
================================================================================
DAG File Processing Stats

File Path                                PID    Runtime      # DAGs    # Errors  Last Runtime    Last Run
---------------------------------------  -----  ---------  --------  ----------  --------------  -------------------
/opt/airflow/dags/sentiment_analysis.py                           0           1  0.43s           2024-06-24T07:48:35
================================================================================
[2024-06-24T07:49:19.965+0000] {manager.py:879} INFO - 
================================================================================
DAG File Processing Stats

File Path                                PID    Runtime      # DAGs    # Errors  Last Runtime    Last Run
---------------------------------------  -----  ---------  --------  ----------  --------------  -------------------
/opt/airflow/dags/sentiment_analysis.py                           0           1  0.46s           2024-06-24T07:49:06
================================================================================
[2024-06-24T07:49:27.046+0000] {manager.py:738} INFO - Searching for files in /opt/airflow/dags
[2024-06-24T07:49:27.121+0000] {manager.py:741} INFO - There are 1 files in /opt/airflow/dags
[2024-06-24T07:49:50.756+0000] {manager.py:879} INFO - 
================================================================================
DAG File Processing Stats

File Path                                PID    Runtime      # DAGs    # Errors  Last Runtime    Last Run
---------------------------------------  -----  ---------  --------  ----------  --------------  -------------------
/opt/airflow/dags/sentiment_analysis.py                           0           1  0.46s           2024-06-24T07:49:36
================================================================================
[2024-06-24T07:50:21.249+0000] {manager.py:879} INFO - 
================================================================================
DAG File Processing Stats

File Path                                PID    Runtime      # DAGs    # Errors  Last Runtime    Last Run
---------------------------------------  -----  ---------  --------  ----------  --------------  -------------------
/opt/airflow/dags/sentiment_analysis.py                           0           1  0.44s           2024-06-24T07:50:07
================================================================================
[2024-06-24T07:50:51.913+0000] {manager.py:879} INFO - 
================================================================================
DAG File Processing Stats

File Path                                PID    Runtime      # DAGs    # Errors  Last Runtime    Last Run
---------------------------------------  -----  ---------  --------  ----------  --------------  -------------------
/opt/airflow/dags/sentiment_analysis.py                           0           1  0.42s           2024-06-24T07:50:37
================================================================================
[2024-06-24T07:51:22.363+0000] {manager.py:879} INFO - 
================================================================================
DAG File Processing Stats

File Path                                PID    Runtime      # DAGs    # Errors  Last Runtime    Last Run
---------------------------------------  -----  ---------  --------  ----------  --------------  -------------------
/opt/airflow/dags/sentiment_analysis.py                           0           1  0.44s           2024-06-24T07:51:08
================================================================================
[2024-06-24T07:51:52.603+0000] {manager.py:879} INFO - 
================================================================================
DAG File Processing Stats

File Path                                PID    Runtime      # DAGs    # Errors  Last Runtime    Last Run
---------------------------------------  -----  ---------  --------  ----------  --------------  -------------------
/opt/airflow/dags/sentiment_analysis.py                           0           1  0.50s           2024-06-24T07:51:39
================================================================================
[2024-06-24T07:52:22.623+0000] {manager.py:879} INFO - 
================================================================================
DAG File Processing Stats

File Path                                PID    Runtime      # DAGs    # Errors  Last Runtime    Last Run
---------------------------------------  -----  ---------  --------  ----------  --------------  -------------------
/opt/airflow/dags/sentiment_analysis.py                           0           1  0.60s           2024-06-24T07:52:10
================================================================================
[2024-06-24T07:52:52.983+0000] {manager.py:879} INFO - 
================================================================================
DAG File Processing Stats

File Path                                PID    Runtime      # DAGs    # Errors  Last Runtime    Last Run
---------------------------------------  -----  ---------  --------  ----------  --------------  -------------------
/opt/airflow/dags/sentiment_analysis.py                           0           1  0.50s           2024-06-24T07:52:41
================================================================================
[2024-06-24T07:53:23.592+0000] {manager.py:879} INFO - 
================================================================================
DAG File Processing Stats

File Path                                PID    Runtime      # DAGs    # Errors  Last Runtime    Last Run
---------------------------------------  -----  ---------  --------  ----------  --------------  -------------------
/opt/airflow/dags/sentiment_analysis.py                           0           1  0.47s           2024-06-24T07:53:11
================================================================================
[2024-06-24T07:53:54.109+0000] {manager.py:879} INFO - 
================================================================================
DAG File Processing Stats

File Path                                PID    Runtime      # DAGs    # Errors  Last Runtime    Last Run
---------------------------------------  -----  ---------  --------  ----------  --------------  -------------------
/opt/airflow/dags/sentiment_analysis.py                           0           1  0.44s           2024-06-24T07:53:42
================================================================================
[2024-06-24T07:54:24.810+0000] {manager.py:879} INFO - 
================================================================================
DAG File Processing Stats

File Path                                PID    Runtime      # DAGs    # Errors  Last Runtime    Last Run
---------------------------------------  -----  ---------  --------  ----------  --------------  -------------------
/opt/airflow/dags/sentiment_analysis.py                           0           1  0.43s           2024-06-24T07:54:12
================================================================================
[2024-06-24T07:54:27.859+0000] {manager.py:738} INFO - Searching for files in /opt/airflow/dags
[2024-06-24T07:54:27.911+0000] {manager.py:741} INFO - There are 1 files in /opt/airflow/dags
[2024-06-24T07:54:55.291+0000] {manager.py:879} INFO - 
================================================================================
DAG File Processing Stats

File Path                                PID    Runtime      # DAGs    # Errors  Last Runtime    Last Run
---------------------------------------  -----  ---------  --------  ----------  --------------  -------------------
/opt/airflow/dags/sentiment_analysis.py                           0           1  0.43s           2024-06-24T07:54:43
================================================================================
[2024-06-24T07:55:25.541+0000] {manager.py:879} INFO - 
================================================================================
DAG File Processing Stats

File Path                                PID    Runtime      # DAGs    # Errors  Last Runtime    Last Run
---------------------------------------  -----  ---------  --------  ----------  --------------  -------------------
/opt/airflow/dags/sentiment_analysis.py                           0           1  0.45s           2024-06-24T07:55:14
================================================================================
[2024-06-24T07:55:55.900+0000] {manager.py:879} INFO - 
================================================================================
DAG File Processing Stats

File Path                                PID    Runtime      # DAGs    # Errors  Last Runtime    Last Run
---------------------------------------  -----  ---------  --------  ----------  --------------  -------------------
/opt/airflow/dags/sentiment_analysis.py                           0           1  0.44s           2024-06-24T07:55:45
================================================================================
[2024-06-24T07:56:26.143+0000] {manager.py:879} INFO - 
================================================================================
DAG File Processing Stats

File Path                                PID    Runtime      # DAGs    # Errors  Last Runtime    Last Run
---------------------------------------  -----  ---------  --------  ----------  --------------  -------------------
/opt/airflow/dags/sentiment_analysis.py                           0           1  0.44s           2024-06-24T07:56:16
================================================================================
[2024-06-24T07:56:56.520+0000] {manager.py:879} INFO - 
================================================================================
DAG File Processing Stats

File Path                                PID    Runtime      # DAGs    # Errors  Last Runtime    Last Run
---------------------------------------  -----  ---------  --------  ----------  --------------  -------------------
/opt/airflow/dags/sentiment_analysis.py                           0           1  0.46s           2024-06-24T07:56:46
================================================================================
[2024-06-24T07:57:26.775+0000] {manager.py:879} INFO - 
================================================================================
DAG File Processing Stats

File Path                                PID    Runtime      # DAGs    # Errors  Last Runtime    Last Run
---------------------------------------  -----  ---------  --------  ----------  --------------  -------------------
/opt/airflow/dags/sentiment_analysis.py                           0           1  0.44s           2024-06-24T07:57:17
================================================================================
[2024-06-24T07:57:57.193+0000] {manager.py:879} INFO - 
================================================================================
DAG File Processing Stats

File Path                                PID    Runtime      # DAGs    # Errors  Last Runtime    Last Run
---------------------------------------  -----  ---------  --------  ----------  --------------  -------------------
/opt/airflow/dags/sentiment_analysis.py                           0           1  0.43s           2024-06-24T07:57:48
================================================================================
[2024-06-24T07:58:27.405+0000] {manager.py:879} INFO - 
================================================================================
DAG File Processing Stats

File Path                                PID    Runtime      # DAGs    # Errors  Last Runtime    Last Run
---------------------------------------  -----  ---------  --------  ----------  --------------  -------------------
/opt/airflow/dags/sentiment_analysis.py                           0           1  0.45s           2024-06-24T07:58:19
================================================================================
[2024-06-24T07:58:57.805+0000] {manager.py:879} INFO - 
================================================================================
DAG File Processing Stats

File Path                                PID    Runtime      # DAGs    # Errors  Last Runtime    Last Run
---------------------------------------  -----  ---------  --------  ----------  --------------  -------------------
/opt/airflow/dags/sentiment_analysis.py                           0           1  0.46s           2024-06-24T07:58:50
================================================================================
[2024-06-24T07:59:28.095+0000] {manager.py:738} INFO - Searching for files in /opt/airflow/dags
[2024-06-24T07:59:28.143+0000] {manager.py:741} INFO - There are 1 files in /opt/airflow/dags
[2024-06-24T07:59:28.162+0000] {manager.py:879} INFO - 
================================================================================
DAG File Processing Stats

File Path                                PID    Runtime      # DAGs    # Errors  Last Runtime    Last Run
---------------------------------------  -----  ---------  --------  ----------  --------------  -------------------
/opt/airflow/dags/sentiment_analysis.py                           0           1  0.46s           2024-06-24T07:59:21
================================================================================
[2024-06-24T08:16:24.547+0000] {manager.py:738} INFO - Searching for files in /opt/airflow/dags
[2024-06-24T08:16:27.167+0000] {manager.py:741} INFO - There are 1 files in /opt/airflow/dags
[2024-06-24T08:16:38.766+0000] {manager.py:451} INFO - Exiting gracefully upon receiving signal 15
[2024-06-24T08:16:38.774+0000] {manager.py:451} INFO - Exiting gracefully upon receiving signal 15
[2024-06-24T08:16:42.903+0000] {manager.py:451} INFO - Exiting gracefully upon receiving signal 15
